<?xml version="1.0" encoding="UTF-8"?>
<!-- Generated by org.testng.reporters.JUnitXMLReporter -->
<testsuite ignored="0" hostname="djaxtechp-Compaq-15-Notebook-PC" failures="0" tests="13" name="Selenium Test" time="6.263" errors="0" timestamp="2024-11-06T17:54:07 IST">
  <testcase classname="com.reviveTest.com.RevLoginPageTest" name="@BeforeClass TC1" time="6.107">
    <failure type="org.openqa.selenium.NoSuchWindowException" message="no such window: target window already closed
from unknown error: web view not found
  (Session info: chrome=124.0.6367.118)
Build info: version: &amp;apos;4.22.0&amp;apos;, revision: &amp;apos;c5f3146703*&amp;apos;
System info: os.name: &amp;apos;Linux&amp;apos;, os.arch: &amp;apos;amd64&amp;apos;, os.version: &amp;apos;5.4.0-150-generic&amp;apos;, java.version: &amp;apos;22.0.1&amp;apos;
Driver info: org.openqa.selenium.chrome.ChromeDriver
Command: [97bbea138e4cf3caadf1cb57e56fb22b, findElement {value=username, using=id}]
Capabilities {acceptInsecureCerts: false, browserName: chrome, browserVersion: 124.0.6367.118, chrome: {chromedriverVersion: 124.0.6367.207 (a9001a6e39f..., userDataDir: /tmp/.org.chromium.Chromium...}, fedcm:accounts: true, goog:chromeOptions: {debuggerAddress: localhost:41469}, networkConnectionEnabled: false, pageLoadStrategy: normal, platformName: linux, proxy: Proxy(), se:cdp: ws://localhost:41469/devtoo..., se:cdpVersion: 124.0.6367.118, setWindowRect: true, strictFileInteractability: false, timeouts: {implicit: 0, pageLoad: 300000, script: 30000}, unhandledPromptBehavior: dismiss and notify, webauthn:extension:credBlob: true, webauthn:extension:largeBlob: true, webauthn:extension:minPinLength: true, webauthn:extension:prf: true, webauthn:virtualAuthenticators: true}
Session ID: 97bbea138e4cf3caadf1cb57e56fb22b">
      <![CDATA[org.openqa.selenium.NoSuchWindowException: no such window: target window already closed
from unknown error: web view not found
  (Session info: chrome=124.0.6367.118)
Build info: version: '4.22.0', revision: 'c5f3146703*'
System info: os.name: 'Linux', os.arch: 'amd64', os.version: '5.4.0-150-generic', java.version: '22.0.1'
Driver info: org.openqa.selenium.chrome.ChromeDriver
Command: [97bbea138e4cf3caadf1cb57e56fb22b, findElement {value=username, using=id}]
Capabilities {acceptInsecureCerts: false, browserName: chrome, browserVersion: 124.0.6367.118, chrome: {chromedriverVersion: 124.0.6367.207 (a9001a6e39f..., userDataDir: /tmp/.org.chromium.Chromium...}, fedcm:accounts: true, goog:chromeOptions: {debuggerAddress: localhost:41469}, networkConnectionEnabled: false, pageLoadStrategy: normal, platformName: linux, proxy: Proxy(), se:cdp: ws://localhost:41469/devtoo..., se:cdpVersion: 124.0.6367.118, setWindowRect: true, strictFileInteractability: false, timeouts: {implicit: 0, pageLoad: 300000, script: 30000}, unhandledPromptBehavior: dismiss and notify, webauthn:extension:credBlob: true, webauthn:extension:largeBlob: true, webauthn:extension:minPinLength: true, webauthn:extension:prf: true, webauthn:virtualAuthenticators: true}
Session ID: 97bbea138e4cf3caadf1cb57e56fb22b
at org.openqa.selenium.remote.ErrorCodec.decode(ErrorCodec.java:167)
at org.openqa.selenium.remote.codec.w3c.W3CHttpResponseCodec.decode(W3CHttpResponseCodec.java:138)
at org.openqa.selenium.remote.codec.w3c.W3CHttpResponseCodec.decode(W3CHttpResponseCodec.java:50)
at org.openqa.selenium.remote.HttpCommandExecutor.execute(HttpCommandExecutor.java:190)
at org.openqa.selenium.remote.service.DriverCommandExecutor.invokeExecute(DriverCommandExecutor.java:216)
at org.openqa.selenium.remote.service.DriverCommandExecutor.execute(DriverCommandExecutor.java:174)
at org.openqa.selenium.remote.RemoteWebDriver.execute(RemoteWebDriver.java:518)
at org.openqa.selenium.remote.ElementLocation$ElementFinder$2.findElement(ElementLocation.java:165)
at org.openqa.selenium.remote.ElementLocation.findElement(ElementLocation.java:66)
at org.openqa.selenium.remote.RemoteWebDriver.findElement(RemoteWebDriver.java:355)
at org.openqa.selenium.remote.RemoteWebDriver.findElement(RemoteWebDriver.java:349)
at config.Page_1.lg(Page_1.java:19)
at com.reviveTest.com.RevLoginPageTest.TC1(RevLoginPageTest.java:35)
at java.base/java.util.ArrayList.forEach(ArrayList.java:1597)
... Removed 26 stack frames]]>
    </failure>
  </testcase> <!-- @BeforeClass TC1 -->
  <testcase classname="com.reviveTest.com.RevLoginPageTest" name="Admin_HomePage" time="0.002">
    <skipped/>
  </testcase> <!-- Admin_HomePage -->
  <testcase classname="com.reviveTest.com.RevLoginPageTest" name="Admin_Navg_create_manager" time="0.0">
    <skipped/>
  </testcase> <!-- Admin_Navg_create_manager -->
  <testcase classname="com.reviveTest.com.RevLoginPageTest" name="Create_New_Manager" time="0.0">
    <skipped/>
  </testcase> <!-- Create_New_Manager -->
  <testcase classname="com.reviveTest.com.RevLoginPageTest" name="New_Manager_ListsPage" time="0.0">
    <skipped/>
  </testcase> <!-- New_Manager_ListsPage -->
  <testcase classname="com.reviveTest.com.RevLoginPageTest" name="Manger_HomePage" time="0.0">
    <skipped/>
  </testcase> <!-- Manger_HomePage -->
  <testcase classname="com.reviveTest.com.RevLoginPageTest" name="Create_advertiser" time="0.0">
    <skipped/>
  </testcase> <!-- Create_advertiser -->
  <testcase classname="com.reviveTest.com.RevLoginPageTest" name="Advertiser_ListPage" time="0.0">
    <skipped/>
  </testcase> <!-- Advertiser_ListPage -->
  <testcase classname="com.reviveTest.com.RevLoginPageTest" name="Add_NewCampaignPage" time="0.0">
    <skipped/>
  </testcase> <!-- Add_NewCampaignPage -->
  <testcase classname="com.reviveTest.com.RevLoginPageTest" name="Campaign_ListPage" time="0.0">
    <skipped/>
  </testcase> <!-- Campaign_ListPage -->
  <testcase classname="com.reviveTest.com.RevLoginPageTest" name="Add_NewBanner" time="0.0">
    <skipped/>
  </testcase> <!-- Add_NewBanner -->
  <testcase classname="com.reviveTest.com.RevLoginPageTest" name="Add_NewWebSitePage" time="0.0">
    <skipped/>
  </testcase> <!-- Add_NewWebSitePage -->
  <testcase classname="com.reviveTest.com.RevLoginPageTest" name="Add_NewWebSite_fieldsPage" time="0.0">
    <skipped/>
  </testcase> <!-- Add_NewWebSite_fieldsPage -->
  <testcase classname="com.reviveTest.com.RevLoginPageTest" name="Zone" time="0.0">
    <skipped/>
  </testcase> <!-- Zone -->
</testsuite> <!-- Selenium Test -->
