<?xml version="1.0" encoding="UTF-8"?>
<!-- Generated by org.testng.reporters.JUnitReportReporter -->
<testsuite hostname="djaxtechp-Compaq-15-Notebook-PC" failures="0" tests="14" name="com.reviveTest.com.RevLoginPageTest" time="6.109" errors="1" timestamp="2024-11-06T17:54:07 IST" skipped="13">
  <testcase classname="com.reviveTest.com.RevLoginPageTest" name="TC1" time="6.107">
    <error message="no such window: target window already closed
from unknown error: web view not found
  (Session info: chrome=124.0.6367.118)
Build info: version: &#039;4.22.0&#039;, revision: &#039;c5f3146703*&#039;
System info: os.name: &#039;Linux&#039;, os.arch: &#039;amd64&#039;, os.version: &#039;5.4.0-150-generic&#039;, java.version: &#039;22.0.1&#039;
Driver info: org.openqa.selenium.chrome.ChromeDriver
Command: [97bbea138e4cf3caadf1cb57e56fb22b, findElement {value=username, using=id}]
Capabilities {acceptInsecureCerts: false, browserName: chrome, browserVersion: 124.0.6367.118, chrome: {chromedriverVersion: 124.0.6367.207 (a9001a6e39f..., userDataDir: /tmp/.org.chromium.Chromium...}, fedcm:accounts: true, goog:chromeOptions: {debuggerAddress: localhost:41469}, networkConnectionEnabled: false, pageLoadStrategy: normal, platformName: linux, proxy: Proxy(), se:cdp: ws://localhost:41469/devtoo..., se:cdpVersion: 124.0.6367.118, setWindowRect: true, strictFileInteractability: false, timeouts: {implicit: 0, pageLoad: 300000, script: 30000}, unhandledPromptBehavior: dismiss and notify, webauthn:extension:credBlob: true, webauthn:extension:largeBlob: true, webauthn:extension:minPinLength: true, webauthn:extension:prf: true, webauthn:virtualAuthenticators: true}
Session ID: 97bbea138e4cf3caadf1cb57e56fb22b" type="org.openqa.selenium.NoSuchWindowException">
      <![CDATA[org.openqa.selenium.NoSuchWindowException: no such window: target window already closed
from unknown error: web view not found
  (Session info: chrome=124.0.6367.118)
Build info: version: '4.22.0', revision: 'c5f3146703*'
System info: os.name: 'Linux', os.arch: 'amd64', os.version: '5.4.0-150-generic', java.version: '22.0.1'
Driver info: org.openqa.selenium.chrome.ChromeDriver
Command: [97bbea138e4cf3caadf1cb57e56fb22b, findElement {value=username, using=id}]
Capabilities {acceptInsecureCerts: false, browserName: chrome, browserVersion: 124.0.6367.118, chrome: {chromedriverVersion: 124.0.6367.207 (a9001a6e39f..., userDataDir: /tmp/.org.chromium.Chromium...}, fedcm:accounts: true, goog:chromeOptions: {debuggerAddress: localhost:41469}, networkConnectionEnabled: false, pageLoadStrategy: normal, platformName: linux, proxy: Proxy(), se:cdp: ws://localhost:41469/devtoo..., se:cdpVersion: 124.0.6367.118, setWindowRect: true, strictFileInteractability: false, timeouts: {implicit: 0, pageLoad: 300000, script: 30000}, unhandledPromptBehavior: dismiss and notify, webauthn:extension:credBlob: true, webauthn:extension:largeBlob: true, webauthn:extension:minPinLength: true, webauthn:extension:prf: true, webauthn:virtualAuthenticators: true}
Session ID: 97bbea138e4cf3caadf1cb57e56fb22b
at java.base/jdk.internal.reflect.DirectConstructorHandleAccessor.newInstance(DirectConstructorHandleAccessor.java:62)
at java.base/java.lang.reflect.Constructor.newInstanceWithCaller(Constructor.java:502)
at java.base/java.lang.reflect.Constructor.newInstance(Constructor.java:486)
at org.openqa.selenium.remote.ErrorCodec.decode(ErrorCodec.java:167)
at org.openqa.selenium.remote.codec.w3c.W3CHttpResponseCodec.decode(W3CHttpResponseCodec.java:138)
at org.openqa.selenium.remote.codec.w3c.W3CHttpResponseCodec.decode(W3CHttpResponseCodec.java:50)
at org.openqa.selenium.remote.HttpCommandExecutor.execute(HttpCommandExecutor.java:190)
at org.openqa.selenium.remote.service.DriverCommandExecutor.invokeExecute(DriverCommandExecutor.java:216)
at org.openqa.selenium.remote.service.DriverCommandExecutor.execute(DriverCommandExecutor.java:174)
at org.openqa.selenium.remote.RemoteWebDriver.execute(RemoteWebDriver.java:518)
at org.openqa.selenium.remote.ElementLocation$ElementFinder$2.findElement(ElementLocation.java:165)
at org.openqa.selenium.remote.ElementLocation.findElement(ElementLocation.java:66)
at org.openqa.selenium.remote.RemoteWebDriver.findElement(RemoteWebDriver.java:355)
at org.openqa.selenium.remote.RemoteWebDriver.findElement(RemoteWebDriver.java:349)
at config.Page_1.lg(Page_1.java:19)
at com.reviveTest.com.RevLoginPageTest.TC1(RevLoginPageTest.java:35)
at java.base/jdk.internal.reflect.DirectMethodHandleAccessor.invoke(DirectMethodHandleAccessor.java:103)
at java.base/java.lang.reflect.Method.invoke(Method.java:580)
at org.testng.internal.MethodInvocationHelper.invokeMethod(MethodInvocationHelper.java:133)
at org.testng.internal.MethodInvocationHelper.invokeMethodConsideringTimeout(MethodInvocationHelper.java:62)
at org.testng.internal.ConfigInvoker.invokeConfigurationMethod(ConfigInvoker.java:385)
at org.testng.internal.ConfigInvoker.invokeConfigurations(ConfigInvoker.java:321)
at org.testng.internal.TestMethodWorker.invokeBeforeClassMethods(TestMethodWorker.java:176)
at org.testng.internal.TestMethodWorker.run(TestMethodWorker.java:122)
at java.base/java.util.ArrayList.forEach(ArrayList.java:1597)
at org.testng.TestRunner.privateRun(TestRunner.java:794)
at org.testng.TestRunner.run(TestRunner.java:596)
at org.testng.SuiteRunner.runTest(SuiteRunner.java:377)
at org.testng.SuiteRunner.runSequentially(SuiteRunner.java:371)
at org.testng.SuiteRunner.privateRun(SuiteRunner.java:332)
at org.testng.SuiteRunner.run(SuiteRunner.java:276)
at org.testng.SuiteRunnerWorker.runSuite(SuiteRunnerWorker.java:53)
at org.testng.SuiteRunnerWorker.run(SuiteRunnerWorker.java:96)
at org.testng.TestNG.runSuitesSequentially(TestNG.java:1212)
at org.testng.TestNG.runSuitesLocally(TestNG.java:1134)
at org.testng.TestNG.runSuites(TestNG.java:1063)
at org.testng.TestNG.run(TestNG.java:1031)
at org.testng.remote.AbstractRemoteTestNG.run(AbstractRemoteTestNG.java:115)
at org.testng.remote.RemoteTestNG.initAndRun(RemoteTestNG.java:293)
at org.testng.remote.RemoteTestNG.main(RemoteTestNG.java:91)
]]>
    </error>
  </testcase> <!-- TC1 -->
  <system-out/>
  <testcase classname="com.reviveTest.com.RevLoginPageTest" name="Admin_HomePage" time="0.002">
    <skipped/>
  </testcase> <!-- Admin_HomePage -->
  <system-out/>
  <testcase classname="com.reviveTest.com.RevLoginPageTest" name="Admin_Navg_create_manager" time="0.000">
    <skipped/>
  </testcase> <!-- Admin_Navg_create_manager -->
  <system-out/>
  <testcase classname="com.reviveTest.com.RevLoginPageTest" name="Create_New_Manager" time="0.000">
    <skipped/>
  </testcase> <!-- Create_New_Manager -->
  <system-out/>
  <testcase classname="com.reviveTest.com.RevLoginPageTest" name="New_Manager_ListsPage" time="0.000">
    <skipped/>
  </testcase> <!-- New_Manager_ListsPage -->
  <system-out/>
  <testcase classname="com.reviveTest.com.RevLoginPageTest" name="Manger_HomePage" time="0.000">
    <skipped/>
  </testcase> <!-- Manger_HomePage -->
  <system-out/>
  <testcase classname="com.reviveTest.com.RevLoginPageTest" name="Create_advertiser" time="0.000">
    <skipped/>
  </testcase> <!-- Create_advertiser -->
  <system-out/>
  <testcase classname="com.reviveTest.com.RevLoginPageTest" name="Advertiser_ListPage" time="0.000">
    <skipped/>
  </testcase> <!-- Advertiser_ListPage -->
  <system-out/>
  <testcase classname="com.reviveTest.com.RevLoginPageTest" name="Add_NewCampaignPage" time="0.000">
    <skipped/>
  </testcase> <!-- Add_NewCampaignPage -->
  <system-out/>
  <testcase classname="com.reviveTest.com.RevLoginPageTest" name="Campaign_ListPage" time="0.000">
    <skipped/>
  </testcase> <!-- Campaign_ListPage -->
  <system-out/>
  <testcase classname="com.reviveTest.com.RevLoginPageTest" name="Add_NewBanner" time="0.000">
    <skipped/>
  </testcase> <!-- Add_NewBanner -->
  <system-out/>
  <testcase classname="com.reviveTest.com.RevLoginPageTest" name="Add_NewWebSitePage" time="0.000">
    <skipped/>
  </testcase> <!-- Add_NewWebSitePage -->
  <system-out/>
  <testcase classname="com.reviveTest.com.RevLoginPageTest" name="Add_NewWebSite_fieldsPage" time="0.000">
    <skipped/>
  </testcase> <!-- Add_NewWebSite_fieldsPage -->
  <system-out/>
  <testcase classname="com.reviveTest.com.RevLoginPageTest" name="Zone" time="0.000">
    <skipped/>
  </testcase> <!-- Zone -->
  <system-out/>
</testsuite> <!-- com.reviveTest.com.RevLoginPageTest -->
