<?xml version="1.0" encoding="UTF-8"?>
<!-- Generated by org.testng.reporters.JUnitXMLReporter -->
<testsuite ignored="0" hostname="djaxtechp-Compaq-15-Notebook-PC" failures="0" tests="15" name="Default test" time="0.199" errors="0" timestamp="2024-11-06T14:39:40 IST">
  <testcase classname="com.reviveTest.com.RevLoginPageTest" name="@BeforeClass TC1" time="0.016">
    <failure type="java.lang.NullPointerException" message="Cannot invoke &amp;quot;String.equals(Object)&amp;quot; because &amp;quot;Browser&amp;quot; is null">
      <![CDATA[java.lang.NullPointerException: Cannot invoke "String.equals(Object)" because "Browser" is null
at config.ConfigClass_1.readProperties(ConfigClass_1.java:46)
at com.reviveTest.com.RevLoginPageTest.TC1(RevLoginPageTest.java:31)
at java.base/jdk.internal.reflect.DirectMethodHandleAccessor.invoke(DirectMethodHandleAccessor.java:103)
at java.base/java.lang.reflect.Method.invoke(Method.java:580)
at org.testng.internal.MethodInvocationHelper.invokeMethod(MethodInvocationHelper.java:133)
at org.testng.internal.MethodInvocationHelper.invokeMethodConsideringTimeout(MethodInvocationHelper.java:62)
at org.testng.internal.ConfigInvoker.invokeConfigurationMethod(ConfigInvoker.java:385)
at org.testng.internal.ConfigInvoker.invokeConfigurations(ConfigInvoker.java:321)
at org.testng.internal.TestMethodWorker.invokeBeforeClassMethods(TestMethodWorker.java:176)
at org.testng.internal.TestMethodWorker.run(TestMethodWorker.java:122)
at java.base/java.util.ArrayList.forEach(ArrayList.java:1597)
at org.testng.TestRunner.privateRun(TestRunner.java:794)
at org.testng.TestRunner.run(TestRunner.java:596)
at org.testng.SuiteRunner.runTest(SuiteRunner.java:377)
at org.testng.SuiteRunner.runSequentially(SuiteRunner.java:371)
at org.testng.SuiteRunner.privateRun(SuiteRunner.java:332)
at org.testng.SuiteRunner.run(SuiteRunner.java:276)
at org.testng.SuiteRunnerWorker.runSuite(SuiteRunnerWorker.java:53)
at org.testng.SuiteRunnerWorker.run(SuiteRunnerWorker.java:96)
at org.testng.TestNG.runSuitesSequentially(TestNG.java:1212)
at org.testng.TestNG.runSuitesLocally(TestNG.java:1134)
at org.testng.TestNG.runSuites(TestNG.java:1063)
at org.testng.TestNG.run(TestNG.java:1031)
at org.testng.remote.AbstractRemoteTestNG.run(AbstractRemoteTestNG.java:115)
at org.testng.remote.RemoteTestNG.initAndRun(RemoteTestNG.java:293)
at org.testng.remote.RemoteTestNG.main(RemoteTestNG.java:91)
]]>
    </failure>
  </testcase> <!-- @BeforeClass TC1 -->
  <testcase classname="com.reviveTest.com.RevLoginPageTest" name="Admin_HomePage" time="0.0">
    <skipped/>
  </testcase> <!-- Admin_HomePage -->
  <testcase classname="com.reviveTest.com.RevLoginPageTest" name="Admin_Navg_create_manager" time="0.0">
    <skipped/>
  </testcase> <!-- Admin_Navg_create_manager -->
  <testcase classname="com.reviveTest.com.RevLoginPageTest" name="Create_New_Manager" time="0.0">
    <skipped/>
  </testcase> <!-- Create_New_Manager -->
  <testcase classname="com.reviveTest.com.RevLoginPageTest" name="New_Manager_ListsPage" time="0.0">
    <skipped/>
  </testcase> <!-- New_Manager_ListsPage -->
  <testcase classname="com.reviveTest.com.RevLoginPageTest" name="Manger_HomePage" time="0.0">
    <skipped/>
  </testcase> <!-- Manger_HomePage -->
  <testcase classname="com.reviveTest.com.RevLoginPageTest" name="Create_advertiser" time="0.0">
    <skipped/>
  </testcase> <!-- Create_advertiser -->
  <testcase classname="com.reviveTest.com.RevLoginPageTest" name="Advertiser_ListPage" time="0.0">
    <skipped/>
  </testcase> <!-- Advertiser_ListPage -->
  <testcase classname="com.reviveTest.com.RevLoginPageTest" name="Add_NewCampaignPage" time="0.0">
    <skipped/>
  </testcase> <!-- Add_NewCampaignPage -->
  <testcase classname="com.reviveTest.com.RevLoginPageTest" name="Campaign_ListPage" time="0.0">
    <skipped/>
  </testcase> <!-- Campaign_ListPage -->
  <testcase classname="com.reviveTest.com.RevLoginPageTest" name="Add_NewBanner" time="0.0">
    <skipped/>
  </testcase> <!-- Add_NewBanner -->
  <testcase classname="com.reviveTest.com.RevLoginPageTest" name="Add_NewWebSitePage" time="0.0">
    <skipped/>
  </testcase> <!-- Add_NewWebSitePage -->
  <testcase classname="com.reviveTest.com.RevLoginPageTest" name="Add_NewWebSite_fieldsPage" time="0.0">
    <skipped/>
  </testcase> <!-- Add_NewWebSite_fieldsPage -->
  <testcase classname="com.reviveTest.com.RevLoginPageTest" name="Zone" time="0.0">
    <skipped/>
  </testcase> <!-- Zone -->
  <testcase classname="com.reviveTest.com.RevLoginPageTest" name="FTP" time="0.0">
    <skipped/>
  </testcase> <!-- FTP -->
  <testcase classname="com.reviveTest.com.RevLoginPageTest" name="DB" time="0.0">
    <skipped/>
  </testcase> <!-- DB -->
</testsuite> <!-- Default test -->
